<?xml version="1.0" encoding="UTF-8"?>
<testng-results ignored="2" total="4" passed="2" failed="0" skipped="0">
  <reporter-output>
  </reporter-output>
  <suite started-at="2025-02-08T22:40:20 EST" name="Master-Suite" finished-at="2025-02-08T22:40:28 EST" duration-ms="7543">
    <groups>
      <group name="Sanity">
        <method signature="TC001_AccountRegistrationTest.verify_account_regis()[pri:0, instance:testcases.TC001_AccountRegistrationTest@11dc3715]" name="verify_account_regis" class="testcases.TC001_AccountRegistrationTest"/>
        <method signature="TC001_AccountRegistrationTest.verify_account_regis()[pri:0, instance:testcases.TC001_AccountRegistrationTest@5bfa9431]" name="verify_account_regis" class="testcases.TC001_AccountRegistrationTest"/>
      </group> <!-- Sanity -->
    </groups>
    <test started-at="2025-02-08T22:40:20 EST" name="Chrome on Mac" finished-at="2025-02-08T22:40:26 EST" duration-ms="5463">
      <class name="testcases.TC001_AccountRegistrationTest">
        <test-method is-config="true" signature="setup(java.lang.String,java.lang.String)[pri:0, instance:testcases.TC001_AccountRegistrationTest@11dc3715]" started-at="2025-02-08T22:40:20 EST" name="setup" finished-at="2025-02-08T22:40:24 EST" duration-ms="3804" status="PASS">
          <params>
            <param index="0">
              <value>
                <![CDATA[Mac]]>
              </value>
            </param>
            <param index="1">
              <value>
                <![CDATA[chrome]]>
              </value>
            </param>
          </params>
          <reporter-output>
          </reporter-output>
        </test-method> <!-- setup -->
        <test-method signature="verify_account_regis()[pri:0, instance:testcases.TC001_AccountRegistrationTest@11dc3715]" started-at="2025-02-08T22:40:24 EST" name="verify_account_regis" finished-at="2025-02-08T22:40:26 EST" duration-ms="1634" status="PASS">
          <reporter-output>
          </reporter-output>
        </test-method> <!-- verify_account_regis -->
      </class> <!-- testcases.TC001_AccountRegistrationTest -->
    </test> <!-- Chrome on Mac -->
    <test started-at="2025-02-08T22:40:20 EST" name="Firefox on Mac" finished-at="2025-02-08T22:40:28 EST" duration-ms="7543">
      <class name="testcases.TC001_AccountRegistrationTest">
        <test-method is-config="true" signature="setup(java.lang.String,java.lang.String)[pri:0, instance:testcases.TC001_AccountRegistrationTest@5bfa9431]" started-at="2025-02-08T22:40:20 EST" name="setup" finished-at="2025-02-08T22:40:26 EST" duration-ms="5956" status="PASS">
          <params>
            <param index="0">
              <value>
                <![CDATA[Mac]]>
              </value>
            </param>
            <param index="1">
              <value>
                <![CDATA[firefox]]>
              </value>
            </param>
          </params>
          <reporter-output>
          </reporter-output>
        </test-method> <!-- setup -->
        <test-method signature="verify_account_regis()[pri:0, instance:testcases.TC001_AccountRegistrationTest@5bfa9431]" started-at="2025-02-08T22:40:26 EST" name="verify_account_regis" finished-at="2025-02-08T22:40:28 EST" duration-ms="1573" status="PASS">
          <reporter-output>
          </reporter-output>
        </test-method> <!-- verify_account_regis -->
      </class> <!-- testcases.TC001_AccountRegistrationTest -->
    </test> <!-- Firefox on Mac -->
  </suite> <!-- Master-Suite -->
</testng-results>
