<?xml version="1.0" encoding="UTF-8"?>
<testng-results ignored="0" total="1" passed="1" failed="0" skipped="0">
  <reporter-output>
  </reporter-output>
  <suite started-at="2025-01-18T21:07:04 CST" name="Suite" finished-at="2025-01-18T21:07:10 CST" duration-ms="5875">
    <groups>
    </groups>
    <test started-at="2025-01-18T21:07:04 CST" name="Test" finished-at="2025-01-18T21:07:10 CST" duration-ms="5875">
      <class name="testcases.TC001_AccountRegistrationTest">
        <test-method is-config="true" signature="setup()[pri:0, instance:testcases.TC001_AccountRegistrationTest@6156496]" started-at="2025-01-18T21:07:04 CST" name="setup" finished-at="2025-01-18T21:07:09 CST" duration-ms="4722" status="PASS">
          <reporter-output>
          </reporter-output>
        </test-method> <!-- setup -->
        <test-method signature="verify_account_regis()[pri:0, instance:testcases.TC001_AccountRegistrationTest@6156496]" started-at="2025-01-18T21:07:09 CST" name="verify_account_regis" finished-at="2025-01-18T21:07:10 CST" duration-ms="1120" status="PASS">
          <reporter-output>
          </reporter-output>
        </test-method> <!-- verify_account_regis -->
        <test-method is-config="true" signature="tearDown()[pri:0, instance:testcases.TC001_AccountRegistrationTest@6156496]" started-at="2025-01-18T21:07:10 CST" name="tearDown" finished-at="2025-01-18T21:07:10 CST" duration-ms="1" status="PASS">
          <reporter-output>
          </reporter-output>
        </test-method> <!-- tearDown -->
      </class> <!-- testcases.TC001_AccountRegistrationTest -->
    </test> <!-- Test -->
  </suite> <!-- Suite -->
</testng-results>
