<?xml version="1.0" encoding="UTF-8"?>
<!-- Generated by org.testng.reporters.JUnitXMLReporter -->
<testsuite ignored="1" hostname="Kabwes-MBP" failures="0" tests="1" name="Firefox on Mac" time="7.543" errors="0" timestamp="2025-02-08T22:40:28 EST">
  <testcase classname="testcases.TC001_AccountRegistrationTest" name="verify_account_regis" time="1.573"/>
  <testcase classname="testcases.TC002_LoginTest" name="verify_Login" time="0.0">
    <ignored/>
  </testcase> <!-- verify_Login -->
</testsuite> <!-- Firefox on Mac -->
