<?xml version="1.0" encoding="UTF-8"?>
<testng-results ignored="0" total="1" passed="1" failed="0" skipped="0">
  <reporter-output>
  </reporter-output>
  <suite started-at="2025-01-18T20:57:20 CST" name="Default suite" finished-at="2025-01-18T20:57:26 CST" duration-ms="6262">
    <groups>
    </groups>
    <test started-at="2025-01-18T20:57:20 CST" name="Default test" finished-at="2025-01-18T20:57:26 CST" duration-ms="6262">
      <class name="testcases.TC001_AccountRegistrationTest">
        <test-method is-config="true" signature="setup()[pri:0, instance:testcases.TC001_AccountRegistrationTest@5ae50ce6]" started-at="2025-01-18T20:57:20 CST" name="setup" finished-at="2025-01-18T20:57:25 CST" duration-ms="5236" status="PASS">
          <reporter-output>
          </reporter-output>
        </test-method> <!-- setup -->
        <test-method signature="verify_account_regis()[pri:0, instance:testcases.TC001_AccountRegistrationTest@5ae50ce6]" started-at="2025-01-18T20:57:25 CST" name="verify_account_regis" finished-at="2025-01-18T20:57:26 CST" duration-ms="998" status="PASS">
          <reporter-output>
          </reporter-output>
        </test-method> <!-- verify_account_regis -->
        <test-method is-config="true" signature="tearDown()[pri:0, instance:testcases.TC001_AccountRegistrationTest@5ae50ce6]" started-at="2025-01-18T20:57:26 CST" name="tearDown" finished-at="2025-01-18T20:57:26 CST" duration-ms="1" status="PASS">
          <reporter-output>
          </reporter-output>
        </test-method> <!-- tearDown -->
      </class> <!-- testcases.TC001_AccountRegistrationTest -->
    </test> <!-- Default test -->
  </suite> <!-- Default suite -->
</testng-results>
